<?xml version="1.0" encoding="UTF-8"?>
<!-- Generated by org.testng.reporters.JUnitReportReporter -->
<testsuite hostname="DESKTOP-LR6IT0Q" failures="0" tests="1" name="testNGexamples.Tesecase2" time="0.004" errors="0" timestamp="2021-11-21T02:17:46 IST" skipped="0">
  <testcase classname="testNGexamples.Tesecase2" name="Insurancetest" time="0.004"/>
  <system-out/>
</testsuite> <!-- testNGexamples.Tesecase2 -->
