<?xml version="1.0" encoding="UTF-8"?>
<!-- Generated by org.testng.reporters.JUnitReportReporter -->
<testsuite hostname="DESKTOP-LR6IT0Q" failures="0" tests="2" name="testNGexamples.Testcase1" time="0.015" errors="0" timestamp="2021-11-21T02:24:44 IST" skipped="0">
  <testcase classname="testNGexamples.Testcase1" name="LoanTest" time="0.011"/>
  <system-out/>
  <testcase classname="testNGexamples.Testcase1" name="criditcard" time="0.004"/>
  <system-out/>
</testsuite> <!-- testNGexamples.Testcase1 -->
