<?xml version="1.0" encoding="UTF-8"?>
<!-- Generated by org.testng.reporters.JUnitReportReporter -->
<testsuite hostname="DESKTOP-LR6IT0Q" failures="0" tests="1" name="Testing_Maven.testing.Login" time="14.319" errors="0" timestamp="20 Nov 2021 23:09:11 GMT">
  <testcase classname="Testing_Maven.testing.Login" name="Testcase1" time="14.319"/>
</testsuite> <!-- Testing_Maven.testing.Login -->
