<?xml version="1.0" encoding="UTF-8"?>
<!-- Generated by org.testng.reporters.JUnitReportReporter -->
<testsuite hostname="DESKTOP-LR6IT0Q" failures="0" tests="1" name="Testing_Maven.testing.Login" time="10.564" errors="0" timestamp="21 Nov 2021 09:27:51 GMT">
  <testcase classname="Testing_Maven.testing.Login" name="Testcase1" time="10.564"/>
</testsuite> <!-- Testing_Maven.testing.Login -->
